<?xml version="1.0" encoding="UTF-8"?>
<testsuite xmlns:xsi="http://www.w3.org/2001/XMLSchema-instance" xsi:noNamespaceSchemaLocation="https://maven.apache.org/surefire/maven-surefire-plugin/xsd/surefire-test-report.xsd" name="com.xuanbing.PartMemberManagerSystemApplicationTests" time="4.367" tests="2" errors="0" skipped="0" failures="0">
  <properties>
    <property name="sun.desktop" value="windows"/>
    <property name="awt.toolkit" value="sun.awt.windows.WToolkit"/>
    <property name="file.encoding.pkg" value="sun.io"/>
    <property name="java.specification.version" value="1.8"/>
    <property name="sun.cpu.isalist" value="amd64"/>
    <property name="sun.jnu.encoding" value="GBK"/>
    <property name="java.class.path" value="I:\IDEAProject\part-member-manager-system\target\test-classes;I:\IDEAProject\part-member-manager-system\target\classes;I:\Source\JavaEE\DevelopUtils\RepMaven\org\springframework\boot\spring-boot-starter-web\2.4.0\spring-boot-starter-web-2.4.0.jar;I:\Source\JavaEE\DevelopUtils\RepMaven\org\springframework\boot\spring-boot-starter\2.4.0\spring-boot-starter-2.4.0.jar;I:\Source\JavaEE\DevelopUtils\RepMaven\org\springframework\boot\spring-boot-starter-logging\2.4.0\spring-boot-starter-logging-2.4.0.jar;I:\Source\JavaEE\DevelopUtils\RepMaven\ch\qos\logback\logback-classic\1.2.3\logback-classic-1.2.3.jar;I:\Source\JavaEE\DevelopUtils\RepMaven\ch\qos\logback\logback-core\1.2.3\logback-core-1.2.3.jar;I:\Source\JavaEE\DevelopUtils\RepMaven\org\apache\logging\log4j\log4j-to-slf4j\2.13.3\log4j-to-slf4j-2.13.3.jar;I:\Source\JavaEE\DevelopUtils\RepMaven\org\apache\logging\log4j\log4j-api\2.13.3\log4j-api-2.13.3.jar;I:\Source\JavaEE\DevelopUtils\RepMaven\org\slf4j\jul-to-slf4j\1.7.30\jul-to-slf4j-1.7.30.jar;I:\Source\JavaEE\DevelopUtils\RepMaven\jakarta\annotation\jakarta.annotation-api\1.3.5\jakarta.annotation-api-1.3.5.jar;I:\Source\JavaEE\DevelopUtils\RepMaven\org\yaml\snakeyaml\1.27\snakeyaml-1.27.jar;I:\Source\JavaEE\DevelopUtils\RepMaven\org\springframework\boot\spring-boot-starter-json\2.4.0\spring-boot-starter-json-2.4.0.jar;I:\Source\JavaEE\DevelopUtils\RepMaven\com\fasterxml\jackson\core\jackson-databind\2.11.3\jackson-databind-2.11.3.jar;I:\Source\JavaEE\DevelopUtils\RepMaven\com\fasterxml\jackson\core\jackson-annotations\2.11.3\jackson-annotations-2.11.3.jar;I:\Source\JavaEE\DevelopUtils\RepMaven\com\fasterxml\jackson\core\jackson-core\2.11.3\jackson-core-2.11.3.jar;I:\Source\JavaEE\DevelopUtils\RepMaven\com\fasterxml\jackson\datatype\jackson-datatype-jdk8\2.11.3\jackson-datatype-jdk8-2.11.3.jar;I:\Source\JavaEE\DevelopUtils\RepMaven\com\fasterxml\jackson\datatype\jackson-datatype-jsr310\2.11.3\jackson-datatype-jsr310-2.11.3.jar;I:\Source\JavaEE\DevelopUtils\RepMaven\com\fasterxml\jackson\module\jackson-module-parameter-names\2.11.3\jackson-module-parameter-names-2.11.3.jar;I:\Source\JavaEE\DevelopUtils\RepMaven\org\springframework\boot\spring-boot-starter-tomcat\2.4.0\spring-boot-starter-tomcat-2.4.0.jar;I:\Source\JavaEE\DevelopUtils\RepMaven\org\apache\tomcat\embed\tomcat-embed-core\9.0.39\tomcat-embed-core-9.0.39.jar;I:\Source\JavaEE\DevelopUtils\RepMaven\org\glassfish\jakarta.el\3.0.3\jakarta.el-3.0.3.jar;I:\Source\JavaEE\DevelopUtils\RepMaven\org\apache\tomcat\embed\tomcat-embed-websocket\9.0.39\tomcat-embed-websocket-9.0.39.jar;I:\Source\JavaEE\DevelopUtils\RepMaven\org\springframework\spring-web\5.3.1\spring-web-5.3.1.jar;I:\Source\JavaEE\DevelopUtils\RepMaven\org\springframework\spring-beans\5.3.1\spring-beans-5.3.1.jar;I:\Source\JavaEE\DevelopUtils\RepMaven\org\springframework\spring-webmvc\5.3.1\spring-webmvc-5.3.1.jar;I:\Source\JavaEE\DevelopUtils\RepMaven\org\springframework\spring-aop\5.3.1\spring-aop-5.3.1.jar;I:\Source\JavaEE\DevelopUtils\RepMaven\org\springframework\spring-context\5.3.1\spring-context-5.3.1.jar;I:\Source\JavaEE\DevelopUtils\RepMaven\org\springframework\spring-expression\5.3.1\spring-expression-5.3.1.jar;I:\Source\JavaEE\DevelopUtils\RepMaven\org\mybatis\spring\boot\mybatis-spring-boot-starter\2.1.4\mybatis-spring-boot-starter-2.1.4.jar;I:\Source\JavaEE\DevelopUtils\RepMaven\org\springframework\boot\spring-boot-starter-jdbc\2.4.0\spring-boot-starter-jdbc-2.4.0.jar;I:\Source\JavaEE\DevelopUtils\RepMaven\com\zaxxer\HikariCP\3.4.5\HikariCP-3.4.5.jar;I:\Source\JavaEE\DevelopUtils\RepMaven\org\springframework\spring-jdbc\5.3.1\spring-jdbc-5.3.1.jar;I:\Source\JavaEE\DevelopUtils\RepMaven\org\springframework\spring-tx\5.3.1\spring-tx-5.3.1.jar;I:\Source\JavaEE\DevelopUtils\RepMaven\org\mybatis\spring\boot\mybatis-spring-boot-autoconfigure\2.1.4\mybatis-spring-boot-autoconfigure-2.1.4.jar;I:\Source\JavaEE\DevelopUtils\RepMaven\org\mybatis\mybatis\3.5.6\mybatis-3.5.6.jar;I:\Source\JavaEE\DevelopUtils\RepMaven\org\mybatis\mybatis-spring\2.0.6\mybatis-spring-2.0.6.jar;I:\Source\JavaEE\DevelopUtils\RepMaven\org\springframework\boot\spring-boot-devtools\2.4.0\spring-boot-devtools-2.4.0.jar;I:\Source\JavaEE\DevelopUtils\RepMaven\org\springframework\boot\spring-boot\2.4.0\spring-boot-2.4.0.jar;I:\Source\JavaEE\DevelopUtils\RepMaven\org\springframework\boot\spring-boot-autoconfigure\2.4.0\spring-boot-autoconfigure-2.4.0.jar;I:\Source\JavaEE\DevelopUtils\RepMaven\mysql\mysql-connector-java\8.0.22\mysql-connector-java-8.0.22.jar;I:\Source\JavaEE\DevelopUtils\RepMaven\org\projectlombok\lombok\1.18.16\lombok-1.18.16.jar;I:\Source\JavaEE\DevelopUtils\RepMaven\org\springframework\boot\spring-boot-starter-test\2.4.0\spring-boot-starter-test-2.4.0.jar;I:\Source\JavaEE\DevelopUtils\RepMaven\org\springframework\boot\spring-boot-test\2.4.0\spring-boot-test-2.4.0.jar;I:\Source\JavaEE\DevelopUtils\RepMaven\org\springframework\boot\spring-boot-test-autoconfigure\2.4.0\spring-boot-test-autoconfigure-2.4.0.jar;I:\Source\JavaEE\DevelopUtils\RepMaven\com\jayway\jsonpath\json-path\2.4.0\json-path-2.4.0.jar;I:\Source\JavaEE\DevelopUtils\RepMaven\net\minidev\json-smart\2.3\json-smart-2.3.jar;I:\Source\JavaEE\DevelopUtils\RepMaven\net\minidev\accessors-smart\1.2\accessors-smart-1.2.jar;I:\Source\JavaEE\DevelopUtils\RepMaven\org\ow2\asm\asm\5.0.4\asm-5.0.4.jar;I:\Source\JavaEE\DevelopUtils\RepMaven\org\slf4j\slf4j-api\1.7.30\slf4j-api-1.7.30.jar;I:\Source\JavaEE\DevelopUtils\RepMaven\jakarta\xml\bind\jakarta.xml.bind-api\2.3.3\jakarta.xml.bind-api-2.3.3.jar;I:\Source\JavaEE\DevelopUtils\RepMaven\jakarta\activation\jakarta.activation-api\1.2.2\jakarta.activation-api-1.2.2.jar;I:\Source\JavaEE\DevelopUtils\RepMaven\org\assertj\assertj-core\3.18.1\assertj-core-3.18.1.jar;I:\Source\JavaEE\DevelopUtils\RepMaven\org\hamcrest\hamcrest\2.2\hamcrest-2.2.jar;I:\Source\JavaEE\DevelopUtils\RepMaven\org\junit\jupiter\junit-jupiter\5.7.0\junit-jupiter-5.7.0.jar;I:\Source\JavaEE\DevelopUtils\RepMaven\org\junit\jupiter\junit-jupiter-api\5.7.0\junit-jupiter-api-5.7.0.jar;I:\Source\JavaEE\DevelopUtils\RepMaven\org\apiguardian\apiguardian-api\1.1.0\apiguardian-api-1.1.0.jar;I:\Source\JavaEE\DevelopUtils\RepMaven\org\opentest4j\opentest4j\1.2.0\opentest4j-1.2.0.jar;I:\Source\JavaEE\DevelopUtils\RepMaven\org\junit\platform\junit-platform-commons\1.7.0\junit-platform-commons-1.7.0.jar;I:\Source\JavaEE\DevelopUtils\RepMaven\org\junit\jupiter\junit-jupiter-params\5.7.0\junit-jupiter-params-5.7.0.jar;I:\Source\JavaEE\DevelopUtils\RepMaven\org\junit\jupiter\junit-jupiter-engine\5.7.0\junit-jupiter-engine-5.7.0.jar;I:\Source\JavaEE\DevelopUtils\RepMaven\org\junit\platform\junit-platform-engine\1.7.0\junit-platform-engine-1.7.0.jar;I:\Source\JavaEE\DevelopUtils\RepMaven\org\mockito\mockito-core\3.6.0\mockito-core-3.6.0.jar;I:\Source\JavaEE\DevelopUtils\RepMaven\net\bytebuddy\byte-buddy\1.10.18\byte-buddy-1.10.18.jar;I:\Source\JavaEE\DevelopUtils\RepMaven\net\bytebuddy\byte-buddy-agent\1.10.18\byte-buddy-agent-1.10.18.jar;I:\Source\JavaEE\DevelopUtils\RepMaven\org\objenesis\objenesis\3.1\objenesis-3.1.jar;I:\Source\JavaEE\DevelopUtils\RepMaven\org\mockito\mockito-junit-jupiter\3.6.0\mockito-junit-jupiter-3.6.0.jar;I:\Source\JavaEE\DevelopUtils\RepMaven\org\skyscreamer\jsonassert\1.5.0\jsonassert-1.5.0.jar;I:\Source\JavaEE\DevelopUtils\RepMaven\com\vaadin\external\google\android-json\0.0.20131108.vaadin1\android-json-0.0.20131108.vaadin1.jar;I:\Source\JavaEE\DevelopUtils\RepMaven\org\springframework\spring-core\5.3.1\spring-core-5.3.1.jar;I:\Source\JavaEE\DevelopUtils\RepMaven\org\springframework\spring-jcl\5.3.1\spring-jcl-5.3.1.jar;I:\Source\JavaEE\DevelopUtils\RepMaven\org\springframework\spring-test\5.3.1\spring-test-5.3.1.jar;I:\Source\JavaEE\DevelopUtils\RepMaven\org\xmlunit\xmlunit-core\2.7.0\xmlunit-core-2.7.0.jar;I:\Source\JavaEE\DevelopUtils\RepMaven\com\alibaba\druid\1.1.8\druid-1.1.8.jar;"/>
    <property name="java.vm.vendor" value="Oracle Corporation"/>
    <property name="sun.arch.data.model" value="64"/>
    <property name="user.variant" value=""/>
    <property name="java.vendor.url" value="http://java.oracle.com/"/>
    <property name="user.timezone" value="Asia/Shanghai"/>
    <property name="java.vm.specification.version" value="1.8"/>
    <property name="os.name" value="Windows 10"/>
    <property name="user.country" value="CN"/>
    <property name="sun.java.launcher" value="SUN_STANDARD"/>
    <property name="sun.boot.library.path" value="I:\Program Files (x86)\Java\jdk\jre\bin"/>
    <property name="sun.java.command" value="C:\Users\淮\AppData\Local\Temp\surefire9053975754969967419\surefirebooter2294082290834651224.jar C:\Users\淮\AppData\Local\Temp\surefire9053975754969967419 2020-12-11T15-37-48_652-jvmRun1 surefire4049377505215275874tmp surefire_04987453368140992823tmp"/>
    <property name="surefire.test.class.path" value="I:\IDEAProject\part-member-manager-system\target\test-classes;I:\IDEAProject\part-member-manager-system\target\classes;I:\Source\JavaEE\DevelopUtils\RepMaven\org\springframework\boot\spring-boot-starter-web\2.4.0\spring-boot-starter-web-2.4.0.jar;I:\Source\JavaEE\DevelopUtils\RepMaven\org\springframework\boot\spring-boot-starter\2.4.0\spring-boot-starter-2.4.0.jar;I:\Source\JavaEE\DevelopUtils\RepMaven\org\springframework\boot\spring-boot-starter-logging\2.4.0\spring-boot-starter-logging-2.4.0.jar;I:\Source\JavaEE\DevelopUtils\RepMaven\ch\qos\logback\logback-classic\1.2.3\logback-classic-1.2.3.jar;I:\Source\JavaEE\DevelopUtils\RepMaven\ch\qos\logback\logback-core\1.2.3\logback-core-1.2.3.jar;I:\Source\JavaEE\DevelopUtils\RepMaven\org\apache\logging\log4j\log4j-to-slf4j\2.13.3\log4j-to-slf4j-2.13.3.jar;I:\Source\JavaEE\DevelopUtils\RepMaven\org\apache\logging\log4j\log4j-api\2.13.3\log4j-api-2.13.3.jar;I:\Source\JavaEE\DevelopUtils\RepMaven\org\slf4j\jul-to-slf4j\1.7.30\jul-to-slf4j-1.7.30.jar;I:\Source\JavaEE\DevelopUtils\RepMaven\jakarta\annotation\jakarta.annotation-api\1.3.5\jakarta.annotation-api-1.3.5.jar;I:\Source\JavaEE\DevelopUtils\RepMaven\org\yaml\snakeyaml\1.27\snakeyaml-1.27.jar;I:\Source\JavaEE\DevelopUtils\RepMaven\org\springframework\boot\spring-boot-starter-json\2.4.0\spring-boot-starter-json-2.4.0.jar;I:\Source\JavaEE\DevelopUtils\RepMaven\com\fasterxml\jackson\core\jackson-databind\2.11.3\jackson-databind-2.11.3.jar;I:\Source\JavaEE\DevelopUtils\RepMaven\com\fasterxml\jackson\core\jackson-annotations\2.11.3\jackson-annotations-2.11.3.jar;I:\Source\JavaEE\DevelopUtils\RepMaven\com\fasterxml\jackson\core\jackson-core\2.11.3\jackson-core-2.11.3.jar;I:\Source\JavaEE\DevelopUtils\RepMaven\com\fasterxml\jackson\datatype\jackson-datatype-jdk8\2.11.3\jackson-datatype-jdk8-2.11.3.jar;I:\Source\JavaEE\DevelopUtils\RepMaven\com\fasterxml\jackson\datatype\jackson-datatype-jsr310\2.11.3\jackson-datatype-jsr310-2.11.3.jar;I:\Source\JavaEE\DevelopUtils\RepMaven\com\fasterxml\jackson\module\jackson-module-parameter-names\2.11.3\jackson-module-parameter-names-2.11.3.jar;I:\Source\JavaEE\DevelopUtils\RepMaven\org\springframework\boot\spring-boot-starter-tomcat\2.4.0\spring-boot-starter-tomcat-2.4.0.jar;I:\Source\JavaEE\DevelopUtils\RepMaven\org\apache\tomcat\embed\tomcat-embed-core\9.0.39\tomcat-embed-core-9.0.39.jar;I:\Source\JavaEE\DevelopUtils\RepMaven\org\glassfish\jakarta.el\3.0.3\jakarta.el-3.0.3.jar;I:\Source\JavaEE\DevelopUtils\RepMaven\org\apache\tomcat\embed\tomcat-embed-websocket\9.0.39\tomcat-embed-websocket-9.0.39.jar;I:\Source\JavaEE\DevelopUtils\RepMaven\org\springframework\spring-web\5.3.1\spring-web-5.3.1.jar;I:\Source\JavaEE\DevelopUtils\RepMaven\org\springframework\spring-beans\5.3.1\spring-beans-5.3.1.jar;I:\Source\JavaEE\DevelopUtils\RepMaven\org\springframework\spring-webmvc\5.3.1\spring-webmvc-5.3.1.jar;I:\Source\JavaEE\DevelopUtils\RepMaven\org\springframework\spring-aop\5.3.1\spring-aop-5.3.1.jar;I:\Source\JavaEE\DevelopUtils\RepMaven\org\springframework\spring-context\5.3.1\spring-context-5.3.1.jar;I:\Source\JavaEE\DevelopUtils\RepMaven\org\springframework\spring-expression\5.3.1\spring-expression-5.3.1.jar;I:\Source\JavaEE\DevelopUtils\RepMaven\org\mybatis\spring\boot\mybatis-spring-boot-starter\2.1.4\mybatis-spring-boot-starter-2.1.4.jar;I:\Source\JavaEE\DevelopUtils\RepMaven\org\springframework\boot\spring-boot-starter-jdbc\2.4.0\spring-boot-starter-jdbc-2.4.0.jar;I:\Source\JavaEE\DevelopUtils\RepMaven\com\zaxxer\HikariCP\3.4.5\HikariCP-3.4.5.jar;I:\Source\JavaEE\DevelopUtils\RepMaven\org\springframework\spring-jdbc\5.3.1\spring-jdbc-5.3.1.jar;I:\Source\JavaEE\DevelopUtils\RepMaven\org\springframework\spring-tx\5.3.1\spring-tx-5.3.1.jar;I:\Source\JavaEE\DevelopUtils\RepMaven\org\mybatis\spring\boot\mybatis-spring-boot-autoconfigure\2.1.4\mybatis-spring-boot-autoconfigure-2.1.4.jar;I:\Source\JavaEE\DevelopUtils\RepMaven\org\mybatis\mybatis\3.5.6\mybatis-3.5.6.jar;I:\Source\JavaEE\DevelopUtils\RepMaven\org\mybatis\mybatis-spring\2.0.6\mybatis-spring-2.0.6.jar;I:\Source\JavaEE\DevelopUtils\RepMaven\org\springframework\boot\spring-boot-devtools\2.4.0\spring-boot-devtools-2.4.0.jar;I:\Source\JavaEE\DevelopUtils\RepMaven\org\springframework\boot\spring-boot\2.4.0\spring-boot-2.4.0.jar;I:\Source\JavaEE\DevelopUtils\RepMaven\org\springframework\boot\spring-boot-autoconfigure\2.4.0\spring-boot-autoconfigure-2.4.0.jar;I:\Source\JavaEE\DevelopUtils\RepMaven\mysql\mysql-connector-java\8.0.22\mysql-connector-java-8.0.22.jar;I:\Source\JavaEE\DevelopUtils\RepMaven\org\projectlombok\lombok\1.18.16\lombok-1.18.16.jar;I:\Source\JavaEE\DevelopUtils\RepMaven\org\springframework\boot\spring-boot-starter-test\2.4.0\spring-boot-starter-test-2.4.0.jar;I:\Source\JavaEE\DevelopUtils\RepMaven\org\springframework\boot\spring-boot-test\2.4.0\spring-boot-test-2.4.0.jar;I:\Source\JavaEE\DevelopUtils\RepMaven\org\springframework\boot\spring-boot-test-autoconfigure\2.4.0\spring-boot-test-autoconfigure-2.4.0.jar;I:\Source\JavaEE\DevelopUtils\RepMaven\com\jayway\jsonpath\json-path\2.4.0\json-path-2.4.0.jar;I:\Source\JavaEE\DevelopUtils\RepMaven\net\minidev\json-smart\2.3\json-smart-2.3.jar;I:\Source\JavaEE\DevelopUtils\RepMaven\net\minidev\accessors-smart\1.2\accessors-smart-1.2.jar;I:\Source\JavaEE\DevelopUtils\RepMaven\org\ow2\asm\asm\5.0.4\asm-5.0.4.jar;I:\Source\JavaEE\DevelopUtils\RepMaven\org\slf4j\slf4j-api\1.7.30\slf4j-api-1.7.30.jar;I:\Source\JavaEE\DevelopUtils\RepMaven\jakarta\xml\bind\jakarta.xml.bind-api\2.3.3\jakarta.xml.bind-api-2.3.3.jar;I:\Source\JavaEE\DevelopUtils\RepMaven\jakarta\activation\jakarta.activation-api\1.2.2\jakarta.activation-api-1.2.2.jar;I:\Source\JavaEE\DevelopUtils\RepMaven\org\assertj\assertj-core\3.18.1\assertj-core-3.18.1.jar;I:\Source\JavaEE\DevelopUtils\RepMaven\org\hamcrest\hamcrest\2.2\hamcrest-2.2.jar;I:\Source\JavaEE\DevelopUtils\RepMaven\org\junit\jupiter\junit-jupiter\5.7.0\junit-jupiter-5.7.0.jar;I:\Source\JavaEE\DevelopUtils\RepMaven\org\junit\jupiter\junit-jupiter-api\5.7.0\junit-jupiter-api-5.7.0.jar;I:\Source\JavaEE\DevelopUtils\RepMaven\org\apiguardian\apiguardian-api\1.1.0\apiguardian-api-1.1.0.jar;I:\Source\JavaEE\DevelopUtils\RepMaven\org\opentest4j\opentest4j\1.2.0\opentest4j-1.2.0.jar;I:\Source\JavaEE\DevelopUtils\RepMaven\org\junit\platform\junit-platform-commons\1.7.0\junit-platform-commons-1.7.0.jar;I:\Source\JavaEE\DevelopUtils\RepMaven\org\junit\jupiter\junit-jupiter-params\5.7.0\junit-jupiter-params-5.7.0.jar;I:\Source\JavaEE\DevelopUtils\RepMaven\org\junit\jupiter\junit-jupiter-engine\5.7.0\junit-jupiter-engine-5.7.0.jar;I:\Source\JavaEE\DevelopUtils\RepMaven\org\junit\platform\junit-platform-engine\1.7.0\junit-platform-engine-1.7.0.jar;I:\Source\JavaEE\DevelopUtils\RepMaven\org\mockito\mockito-core\3.6.0\mockito-core-3.6.0.jar;I:\Source\JavaEE\DevelopUtils\RepMaven\net\bytebuddy\byte-buddy\1.10.18\byte-buddy-1.10.18.jar;I:\Source\JavaEE\DevelopUtils\RepMaven\net\bytebuddy\byte-buddy-agent\1.10.18\byte-buddy-agent-1.10.18.jar;I:\Source\JavaEE\DevelopUtils\RepMaven\org\objenesis\objenesis\3.1\objenesis-3.1.jar;I:\Source\JavaEE\DevelopUtils\RepMaven\org\mockito\mockito-junit-jupiter\3.6.0\mockito-junit-jupiter-3.6.0.jar;I:\Source\JavaEE\DevelopUtils\RepMaven\org\skyscreamer\jsonassert\1.5.0\jsonassert-1.5.0.jar;I:\Source\JavaEE\DevelopUtils\RepMaven\com\vaadin\external\google\android-json\0.0.20131108.vaadin1\android-json-0.0.20131108.vaadin1.jar;I:\Source\JavaEE\DevelopUtils\RepMaven\org\springframework\spring-core\5.3.1\spring-core-5.3.1.jar;I:\Source\JavaEE\DevelopUtils\RepMaven\org\springframework\spring-jcl\5.3.1\spring-jcl-5.3.1.jar;I:\Source\JavaEE\DevelopUtils\RepMaven\org\springframework\spring-test\5.3.1\spring-test-5.3.1.jar;I:\Source\JavaEE\DevelopUtils\RepMaven\org\xmlunit\xmlunit-core\2.7.0\xmlunit-core-2.7.0.jar;I:\Source\JavaEE\DevelopUtils\RepMaven\com\alibaba\druid\1.1.8\druid-1.1.8.jar;"/>
    <property name="sun.cpu.endian" value="little"/>
    <property name="user.home" value="C:\Users\淮"/>
    <property name="user.language" value="zh"/>
    <property name="java.specification.vendor" value="Oracle Corporation"/>
    <property name="java.home" value="I:\Program Files (x86)\Java\jdk\jre"/>
    <property name="basedir" value="I:\IDEAProject\part-member-manager-system"/>
    <property name="file.separator" value="\"/>
    <property name="line.separator" value="&#10;"/>
    <property name="java.vm.specification.vendor" value="Oracle Corporation"/>
    <property name="java.specification.name" value="Java Platform API Specification"/>
    <property name="java.awt.graphicsenv" value="sun.awt.Win32GraphicsEnvironment"/>
    <property name="surefire.real.class.path" value="C:\Users\淮\AppData\Local\Temp\surefire9053975754969967419\surefirebooter2294082290834651224.jar"/>
    <property name="sun.boot.class.path" value="I:\Program Files (x86)\Java\jdk\jre\lib\resources.jar;I:\Program Files (x86)\Java\jdk\jre\lib\rt.jar;I:\Program Files (x86)\Java\jdk\jre\lib\sunrsasign.jar;I:\Program Files (x86)\Java\jdk\jre\lib\jsse.jar;I:\Program Files (x86)\Java\jdk\jre\lib\jce.jar;I:\Program Files (x86)\Java\jdk\jre\lib\charsets.jar;I:\Program Files (x86)\Java\jdk\jre\lib\jfr.jar;I:\Program Files (x86)\Java\jdk\jre\classes"/>
    <property name="user.script" value=""/>
    <property name="sun.management.compiler" value="HotSpot 64-Bit Tiered Compilers"/>
    <property name="java.runtime.version" value="1.8.0_131-b11"/>
    <property name="user.name" value="淮"/>
    <property name="path.separator" value=";"/>
    <property name="os.version" value="10.0"/>
    <property name="java.endorsed.dirs" value="I:\Program Files (x86)\Java\jdk\jre\lib\endorsed"/>
    <property name="java.runtime.name" value="Java(TM) SE Runtime Environment"/>
    <property name="file.encoding" value="GBK"/>
    <property name="java.vm.name" value="Java HotSpot(TM) 64-Bit Server VM"/>
    <property name="localRepository" value="I:\Source\JavaEE\DevelopUtils\RepMaven"/>
    <property name="java.vendor.url.bug" value="http://bugreport.sun.com/bugreport/"/>
    <property name="java.io.tmpdir" value="C:\Users\淮\AppData\Local\Temp\"/>
    <property name="idea.version" value="2020.3"/>
    <property name="java.version" value="1.8.0_131"/>
    <property name="user.dir" value="I:\IDEAProject\part-member-manager-system"/>
    <property name="os.arch" value="amd64"/>
    <property name="java.vm.specification.name" value="Java Virtual Machine Specification"/>
    <property name="java.awt.printerjob" value="sun.awt.windows.WPrinterJob"/>
    <property name="sun.os.patch.level" value=""/>
    <property name="java.library.path" value="I:\Program Files (x86)\Java\jdk\jre\bin;C:\WINDOWS\Sun\Java\bin;C:\WINDOWS\system32;C:\WINDOWS;C:\Python39\Scripts\;C:\Python39\;C:\ProgramData\Oracle\Java\javapath;I:\Program Files (x86)\XFTP\;I:\Program Files (x86)\XSheel\;C:\Windows\system32;C:\Windows;C:\Windows\System32\Wbem;C:\Windows\System32\WindowsPowerShell\v1.0\;C:\Windows\System32\OpenSSH\;C:\Program Files (x86)\NVIDIA Corporation\PhysX\Common;C:\Program Files\NVIDIA Corporation\NVIDIA NvDLISR;I:\Program Files (x86)\Git\cmd;I:\ProgramFile\node\;C:\ProgramData\chocolatey\bin;;%SystemRoot%\system32;%SystemRoot%;%SystemRoot%\System32\Wbem;%SYSTEMROOT%\System32\WindowsPowerShell\v1.0\;%SYSTEMROOT%\System32\OpenSSH\;C:\Program Files\MySQL\MySQL Shell 8.0\bin\;I:\Program Files (x86)\Java\jdk\bin;C:\Users\淮\AppData\Local\Microsoft\WindowsApps;C:\Program Files\Bandizip\;I:\Source\JavaEE\DevelopUtils\apache-maven-3.6.3\bin\;C:\Users\淮\AppData\Roaming\npm;I:\npmreps\npm_global;;I:\ProgramFile\IDEA\IntelliJ IDEA 2020.3\bin;;."/>
    <property name="java.vm.info" value="mixed mode"/>
    <property name="java.vendor" value="Oracle Corporation"/>
    <property name="java.vm.version" value="25.131-b11"/>
    <property name="java.ext.dirs" value="I:\Program Files (x86)\Java\jdk\jre\lib\ext;C:\WINDOWS\Sun\Java\lib\ext"/>
    <property name="sun.io.unicode.encoding" value="UnicodeLittle"/>
    <property name="maven.repo.local" value="I:\Source\JavaEE\DevelopUtils\RepMaven"/>
    <property name="java.class.version" value="52.0"/>
  </properties>
  <testcase name="testTeacherMapper" classname="com.xuanbing.PartMemberManagerSystemApplicationTests" time="1.379"/>
  <testcase name="contextLoads" classname="com.xuanbing.PartMemberManagerSystemApplicationTests" time="0.005"/>
</testsuite>